<?xml version="1.0" encoding="UTF-8"?>
<testng-results skipped="0" failed="0" ignored="0" total="2" passed="2">
  <reporter-output>
  </reporter-output>
  <suite name="CalculatorTest" duration-ms="42" started-at="2022-06-21T23:17:14Z" finished-at="2022-06-21T23:17:14Z">
    <groups>
    </groups>
    <test name="Command line test" duration-ms="42" started-at="2022-06-21T23:17:14Z" finished-at="2022-06-21T23:17:14Z">
      <class name="CalculatorTest">
        <test-method status="PASS" signature="addTest()[pri:0, instance:CalculatorTest@1b0375b3]" name="addTest" duration-ms="12" started-at="2022-06-21T23:17:14Z" finished-at="2022-06-21T23:17:14Z">
          <reporter-output>
          </reporter-output>
        </test-method> <!-- addTest -->
        <test-method status="PASS" signature="deductTest()[pri:0, instance:CalculatorTest@1b0375b3]" name="deductTest" duration-ms="0" started-at="2022-06-21T23:17:14Z" finished-at="2022-06-21T23:17:14Z">
          <reporter-output>
          </reporter-output>
        </test-method> <!-- deductTest -->
      </class> <!-- CalculatorTest -->
    </test> <!-- Command line test -->
  </suite> <!-- CalculatorTest -->
</testng-results>
